<?xml version="1.0" encoding="UTF-8"?>
<!-- Generated by org.testng.reporters.JUnitReportReporter -->
<testsuite hostname="LAPTOP-1826LOER" failures="0" tests="3" name="tngannotations.TestAnnotations" time="0.020" errors="0" timestamp="2025-02-26T07:45:14 IST" skipped="0">
  <testcase classname="tngannotations.TestAnnotations" name="testOne" time="0.010"/>
  <system-out/>
  <testcase classname="tngannotations.TestAnnotations" name="testTwo" time="0.008"/>
  <system-out/>
  <testcase classname="tngannotations.TestAnnotations" name="testThree" time="0.002"/>
  <system-out/>
</testsuite> <!-- tngannotations.TestAnnotations -->
