<?xml version="1.0" encoding="UTF-8"?>
<!-- Generated by org.testng.reporters.JUnitReportReporter -->
<testsuite hostname="LAPTOP-1826LOER" failures="0" tests="2" name="testngdemo.LoginPageTest" time="17.023" errors="0" timestamp="2025-02-26T07:20:00 IST" skipped="0">
  <testcase classname="testngdemo.LoginPageTest" name="testLoginAutoUser2" time="8.128"/>
  <system-out/>
  <testcase classname="testngdemo.LoginPageTest" name="testLoginAutoUser1" time="8.895"/>
  <system-out/>
</testsuite> <!-- testngdemo.LoginPageTest -->
