<?xml version="1.0" encoding="UTF-8"?>
<!-- Generated by org.testng.reporters.JUnitReportReporter -->
<testsuite hostname="LAPTOP-1826LOER" failures="0" tests="1" name="testngdemo.RegisterPageTest" time="7.601" errors="0" timestamp="2025-02-26T07:20:00 IST" skipped="0">
  <testcase classname="testngdemo.RegisterPageTest" name="testRegisterFunction" time="7.601"/>
  <system-out/>
</testsuite> <!-- testngdemo.RegisterPageTest -->
